<?xml version="1.0" encoding="UTF-8"?>
<testng-results ignored="0" total="5" passed="4" failed="1" skipped="0">
  <reporter-output>
  </reporter-output>
  <suite started-at="2023-01-03T18:38:28 IST" name="Default suite" finished-at="2023-01-03T18:39:10 IST" duration-ms="42923">
    <groups>
    </groups>
    <test started-at="2023-01-03T18:38:28 IST" name="Default test" finished-at="2023-01-03T18:39:10 IST" duration-ms="42923">
      <class name="test.scenarious.Test_Weather">
        <test-method signature="readConfig()[pri:0, instance:test.scenarious.Test_Weather@52719fb6]" started-at="2023-01-03T18:38:28 IST" name="readConfig" finished-at="2023-01-03T18:38:28 IST" duration-ms="11" status="PASS">
          <reporter-output>
          </reporter-output>
        </test-method> <!-- readConfig -->
        <test-method signature="open_Browser()[pri:1, instance:test.scenarious.Test_Weather@52719fb6]" started-at="2023-01-03T18:38:28 IST" name="open_Browser" finished-at="2023-01-03T18:38:31 IST" duration-ms="3091" status="PASS">
          <reporter-output>
          </reporter-output>
        </test-method> <!-- open_Browser -->
        <test-method signature="Ndtv_Weather()[pri:2, instance:test.scenarious.Test_Weather@52719fb6]" started-at="2023-01-03T18:38:31 IST" name="Ndtv_Weather" finished-at="2023-01-03T18:38:58 IST" duration-ms="27509" status="PASS">
          <reporter-output>
          </reporter-output>
        </test-method> <!-- Ndtv_Weather -->
        <test-method signature="Open_weather()[pri:3, instance:test.scenarious.Test_Weather@52719fb6]" started-at="2023-01-03T18:38:58 IST" name="Open_weather" finished-at="2023-01-03T18:39:10 IST" duration-ms="12253" status="PASS">
          <reporter-output>
          </reporter-output>
        </test-method> <!-- Open_weather -->
        <test-method signature="comparedata()[pri:5, instance:test.scenarious.Test_Weather@52719fb6]" started-at="2023-01-03T18:39:10 IST" name="comparedata" finished-at="2023-01-03T18:39:10 IST" duration-ms="2" status="FAIL">
          <exception class="test.scenarious.MatcherException">
            <message>
              <![CDATA[Data Mismatch]]>
            </message>
            <full-stacktrace>
              <![CDATA[test.scenarious.MatcherException: Data Mismatch
at test.scenarious.Test_Weather.comparedata(Test_Weather.java:151)
at java.base/jdk.internal.reflect.NativeMethodAccessorImpl.invoke0(Native Method)
at java.base/jdk.internal.reflect.NativeMethodAccessorImpl.invoke(NativeMethodAccessorImpl.java:77)
at java.base/jdk.internal.reflect.DelegatingMethodAccessorImpl.invoke(DelegatingMethodAccessorImpl.java:43)
at java.base/java.lang.reflect.Method.invoke(Method.java:568)
at org.testng.internal.invokers.MethodInvocationHelper.invokeMethod(MethodInvocationHelper.java:139)
at org.testng.internal.invokers.TestInvoker.invokeMethod(TestInvoker.java:677)
at org.testng.internal.invokers.TestInvoker.invokeTestMethod(TestInvoker.java:221)
at org.testng.internal.invokers.MethodRunner.runInSequence(MethodRunner.java:50)
at org.testng.internal.invokers.TestInvoker$MethodInvocationAgent.invoke(TestInvoker.java:962)
at org.testng.internal.invokers.TestInvoker.invokeTestMethods(TestInvoker.java:194)
at org.testng.internal.invokers.TestMethodWorker.invokeTestMethods(TestMethodWorker.java:148)
at org.testng.internal.invokers.TestMethodWorker.run(TestMethodWorker.java:128)
at java.base/java.util.ArrayList.forEach(ArrayList.java:1511)
at org.testng.TestRunner.privateRun(TestRunner.java:806)
at org.testng.TestRunner.run(TestRunner.java:601)
at org.testng.SuiteRunner.runTest(SuiteRunner.java:433)
at org.testng.SuiteRunner.runSequentially(SuiteRunner.java:427)
at org.testng.SuiteRunner.privateRun(SuiteRunner.java:387)
at org.testng.SuiteRunner.run(SuiteRunner.java:330)
at org.testng.SuiteRunnerWorker.runSuite(SuiteRunnerWorker.java:52)
at org.testng.SuiteRunnerWorker.run(SuiteRunnerWorker.java:95)
at org.testng.TestNG.runSuitesSequentially(TestNG.java:1256)
at org.testng.TestNG.runSuitesLocally(TestNG.java:1176)
at org.testng.TestNG.runSuites(TestNG.java:1099)
at org.testng.TestNG.run(TestNG.java:1067)
at org.testng.remote.AbstractRemoteTestNG.run(AbstractRemoteTestNG.java:115)
at org.testng.remote.RemoteTestNG.initAndRun(RemoteTestNG.java:251)
at org.testng.remote.RemoteTestNG.main(RemoteTestNG.java:77)
]]>
            </full-stacktrace>
          </exception> <!-- test.scenarious.MatcherException -->
          <reporter-output>
          </reporter-output>
        </test-method> <!-- comparedata -->
      </class> <!-- test.scenarious.Test_Weather -->
    </test> <!-- Default test -->
  </suite> <!-- Default suite -->
</testng-results>
